2023-03-22 21:26:11,320 - [RESUMO] Estação BRASILIA, ano 2000: VALORES VAZIOS: 11,664
2023-03-22 21:26:12,023 - [RESUMO] Estação SALVADOR, ano 2000: VALORES VAZIOS: 62,561
2023-03-22 21:26:12,757 - [RESUMO] Estação MANAUS, ano 2000: VALORES VAZIOS: 13,690
2023-03-22 21:26:13,486 - [RESUMO] Estação ECOLOGIA AGRICOLA, ano 2000: VALORES VAZIOS: 13,773
2023-03-22 21:26:13,800 - [RESUMO] Estação PORTO ALEGRE, ano 2000: VALORES VAZIOS: 1,738
2023-03-22 21:26:15,615 - [RESUMO] Estação BRASILIA, ano 2001: VALORES VAZIOS: 17,203
2023-03-22 21:26:16,342 - [RESUMO] Estação GOIANIA, ano 2001: VALORES VAZIOS: 14,076
2023-03-22 21:26:17,029 - [RESUMO] Estação MORRINHOS, ano 2001: VALORES VAZIOS: 13,663
2023-03-22 21:26:17,390 - [RESUMO] Estação CAMPO GRANDE, ano 2001: VALORES VAZIOS: 2,382
2023-03-22 21:26:17,755 - [RESUMO] Estação PONTA PORA, ano 2001: VALORES VAZIOS: 3,120
2023-03-22 21:26:18,130 - [RESUMO] Estação TRES LAGOAS, ano 2001: VALORES VAZIOS: 2,125
2023-03-22 21:26:19,182 - [RESUMO] Estação SALVADOR, ano 2001: VALORES VAZIOS: 8,326
2023-03-22 21:26:19,260 - [RESUMO] Estação BARREIRAS, ano 2001: VALORES VAZIOS: 2,415
2023-03-22 21:26:20,304 - [RESUMO] Estação MANAUS, ano 2001: VALORES VAZIOS: 39,676
2023-03-22 21:26:21,388 - [RESUMO] Estação ECOLOGIA AGRICOLA, ano 2001: VALORES VAZIOS: 34,799
2023-03-22 21:26:21,778 - [RESUMO] Estação BAURU, ano 2001: VALORES VAZIOS: 2,153
2023-03-22 21:26:22,853 - [RESUMO] Estação PORTO ALEGRE, ano 2001: VALORES VAZIOS: 23,432
2023-03-22 21:26:23,025 - [RESUMO] Estação RIO GRANDE, ano 2001: VALORES VAZIOS: 2,435
2023-03-22 21:26:23,182 - [RESUMO] Estação SANTA MARIA, ano 2001: VALORES VAZIOS: 675
2023-03-22 21:26:23,338 - [RESUMO] Estação SANTANA DO LIVRAMENTO, ano 2001: VALORES VAZIOS: 2,461
2023-03-22 21:26:23,464 - [RESUMO] Estação SANTO AUGUSTO, ano 2001: VALORES VAZIOS: 632
2023-03-22 21:26:25,933 - [RESUMO] Estação BRASILIA, ano 2002: VALORES VAZIOS: 16,095
2023-03-22 21:26:27,000 - [RESUMO] Estação GOIANIA, ano 2002: VALORES VAZIOS: 17,131
2023-03-22 21:26:28,042 - [RESUMO] Estação MORRINHOS, ano 2002: VALORES VAZIOS: 15,778
2023-03-22 21:26:29,071 - [RESUMO] Estação CAMPO GRANDE, ano 2002: VALORES VAZIOS: 34,355
2023-03-22 21:26:30,185 - [RESUMO] Estação PONTA PORA, ano 2002: VALORES VAZIOS: 25,409
2023-03-22 21:26:31,344 - [RESUMO] Estação TRES LAGOAS, ano 2002: VALORES VAZIOS: 28,024
2023-03-22 21:26:31,469 - [RESUMO] Estação CUIABA, ano 2002: VALORES VAZIOS: 5,669
2023-03-22 21:26:31,562 - [RESUMO] Estação TANGARA DA SERRA, ano 2002: VALORES VAZIOS: 8,568
2023-03-22 21:26:31,656 - [RESUMO] Estação SORRISO, ano 2002: VALORES VAZIOS: 3,821
2023-03-22 21:26:31,750 - [RESUMO] Estação CAMPO NOVO DOS PARECIS, ano 2002: VALORES VAZIOS: 4,208
2023-03-22 21:26:31,828 - [RESUMO] Estação GUARANTA DO NORTE, ano 2002: VALORES VAZIOS: 3,293
2023-03-22 21:26:32,888 - [RESUMO] Estação SALVADOR, ano 2002: VALORES VAZIOS: 26,568
2023-03-22 21:26:33,953 - [RESUMO] Estação BARREIRAS, ano 2002: VALORES VAZIOS: 61,984
2023-03-22 21:26:34,786 - [RESUMO] Estação LUIZ EDUARDO MAGALHAES, ano 2002: VALORES VAZIOS: 12,004
2023-03-22 21:26:34,864 - [RESUMO] Estação CARAVELAS, ano 2002: VALORES VAZIOS: 1,023
2023-03-22 21:26:35,937 - [RESUMO] Estação MANAUS, ano 2002: VALORES VAZIOS: 55,746
2023-03-22 21:26:36,062 - [RESUMO] Estação BARBACENA, ano 2002: VALORES VAZIOS: 11,016
2023-03-22 21:26:36,156 - [RESUMO] Estação ARAXA, ano 2002: VALORES VAZIOS: 451
2023-03-22 21:26:36,249 - [RESUMO] Estação MONTES CLAROS, ano 2002: VALORES VAZIOS: 125
2023-03-22 21:26:36,327 - [RESUMO] Estação UBERLANDIA, ano 2002: VALORES VAZIOS: 5,712
2023-03-22 21:26:36,422 - [RESUMO] Estação ALMENARA, ano 2002: VALORES VAZIOS: 195
2023-03-22 21:26:37,469 - [RESUMO] Estação ECOLOGIA AGRICOLA, ano 2002: VALORES VAZIOS: 25,285
2023-03-22 21:26:37,688 - [RESUMO] Estação MARAMBAIA, ano 2002: VALORES VAZIOS: 2,524
2023-03-22 21:26:37,938 - [RESUMO] Estação XEREM, ano 2002: VALORES VAZIOS: 9,652
2023-03-22 21:26:38,094 - [RESUMO] Estação CAMBUCI, ano 2002: VALORES VAZIOS: 8,948
2023-03-22 21:26:39,226 - [RESUMO] Estação BAURU, ano 2002: VALORES VAZIOS: 54,720
2023-03-22 21:26:40,129 - [RESUMO] Estação CAMPOS DO JORDAO, ano 2002: VALORES VAZIOS: 31,236
2023-03-22 21:26:40,236 - [RESUMO] Estação FRANCA, ano 2002: VALORES VAZIOS: 787
2023-03-22 21:26:41,378 - [RESUMO] Estação PORTO ALEGRE, ano 2002: VALORES VAZIOS: 24,480
2023-03-22 21:26:42,507 - [RESUMO] Estação RIO GRANDE, ano 2002: VALORES VAZIOS: 29,648
2023-03-22 21:26:43,586 - [RESUMO] Estação SANTA MARIA, ano 2002: VALORES VAZIOS: 17,620
2023-03-22 21:26:44,747 - [RESUMO] Estação SANTANA DO LIVRAMENTO, ano 2002: VALORES VAZIOS: 31,508
2023-03-22 21:26:45,861 - [RESUMO] Estação SANTO AUGUSTO, ano 2002: VALORES VAZIOS: 32,753
2023-03-22 21:26:49,119 - [RESUMO] Estação BRASILIA, ano 2003: VALORES VAZIOS: 12,946
2023-03-22 21:26:50,275 - [RESUMO] Estação GOIANIA, ano 2003: VALORES VAZIOS: 17,935
2023-03-22 21:26:51,475 - [RESUMO] Estação MORRINHOS, ano 2003: VALORES VAZIOS: 51,991
2023-03-22 21:26:52,626 - [RESUMO] Estação CAMPO GRANDE, ano 2003: VALORES VAZIOS: 61,600
2023-03-22 21:26:53,831 - [RESUMO] Estação PONTA PORA, ano 2003: VALORES VAZIOS: 136,566
2023-03-22 21:26:54,909 - [RESUMO] Estação TRES LAGOAS, ano 2003: VALORES VAZIOS: 92,654
2023-03-22 21:26:55,769 - [RESUMO] Estação IVINHEMA, ano 2003: VALORES VAZIOS: 133,416
2023-03-22 21:26:56,941 - [RESUMO] Estação CUIABA, ano 2003: VALORES VAZIOS: 13,824
2023-03-22 21:26:58,174 - [RESUMO] Estação TANGARA DA SERRA, ano 2003: VALORES VAZIOS: 69,718
2023-03-22 21:26:59,150 - [RESUMO] Estação S.J. DO RIO CLARO, ano 2003: VALORES VAZIOS: 11,277
2023-03-22 21:27:00,264 - [RESUMO] Estação SORRISO, ano 2003: VALORES VAZIOS: 10,896
2023-03-22 21:27:01,368 - [RESUMO] Estação CAMPO NOVO DOS PARECIS, ano 2003: VALORES VAZIOS: 10,957
2023-03-22 21:27:02,546 - [RESUMO] Estação GUARANTA DO NORTE, ano 2003: VALORES VAZIOS: 14,743
2023-03-22 21:27:02,746 - [RESUMO] Estação RONDONOPOLIS, ano 2003: VALORES VAZIOS: 1,525
2023-03-22 21:27:03,713 - [RESUMO] Estação MACEIO, ano 2003: VALORES VAZIOS: 3,625
2023-03-22 21:27:04,818 - [RESUMO] Estação SALVADOR, ano 2003: VALORES VAZIOS: 36,390
2023-03-22 21:27:05,915 - [RESUMO] Estação BARREIRAS, ano 2003: VALORES VAZIOS: 62,981
2023-03-22 21:27:07,012 - [RESUMO] Estação LUIZ EDUARDO MAGALHAES, ano 2003: VALORES VAZIOS: 17,242
2023-03-22 21:27:08,144 - [RESUMO] Estação CARAVELAS, ano 2003: VALORES VAZIOS: 99,674
2023-03-22 21:27:09,187 - [RESUMO] Estação CRUZ DAS ALMAS, ano 2003: VALORES VAZIOS: 83,575
2023-03-22 21:27:10,182 - [RESUMO] Estação ITIRUCU, ano 2003: VALORES VAZIOS: 6,864
2023-03-22 21:27:11,235 - [RESUMO] Estação ITABERABA, ano 2003: VALORES VAZIOS: 7,378
2023-03-22 21:27:12,305 - [RESUMO] Estação ILHEUS, ano 2003: VALORES VAZIOS: 7,374
2023-03-22 21:27:13,345 - [RESUMO] Estação MACAJUBA, ano 2003: VALORES VAZIOS: 10,642
2023-03-22 21:27:14,357 - [RESUMO] Estação FORTALEZA, ano 2003: VALORES VAZIOS: 36,841
2023-03-22 21:27:15,360 - [RESUMO] Estação SOBRAL, ano 2003: VALORES VAZIOS: 31,672
2023-03-22 21:27:16,418 - [RESUMO] Estação SAO LUIS, ano 2003: VALORES VAZIOS: 27,528
2023-03-22 21:27:17,373 - [RESUMO] Estação PETROLINA, ano 2003: VALORES VAZIOS: 7,108
2023-03-22 21:27:18,387 - [RESUMO] Estação PARNAIBA, ano 2003: VALORES VAZIOS: 45,723
2023-03-22 21:27:18,638 - [RESUMO] Estação ARQ.SAO PEDRO E SAO PAULO, ano 2003: VALORES VAZIOS: 22,795
2023-03-22 21:27:19,614 - [RESUMO] Estação NATAL, ano 2003: VALORES VAZIOS: 44,162
2023-03-22 21:27:20,603 - [RESUMO] Estação ARACAJU, ano 2003: VALORES VAZIOS: 7,355
2023-03-22 21:27:21,702 - [RESUMO] Estação MANAUS, ano 2003: VALORES VAZIOS: 116,353
2023-03-22 21:27:22,735 - [RESUMO] Estação BELEM, ano 2003: VALORES VAZIOS: 37,302
2023-03-22 21:27:23,766 - [RESUMO] Estação CASTANHAL, ano 2003: VALORES VAZIOS: 11,346
2023-03-22 21:27:24,844 - [RESUMO] Estação BARBACENA, ano 2003: VALORES VAZIOS: 89,687
2023-03-22 21:27:25,939 - [RESUMO] Estação ARAXA, ano 2003: VALORES VAZIOS: 4,229
2023-03-22 21:27:27,084 - [RESUMO] Estação MONTES CLAROS, ano 2003: VALORES VAZIOS: 8,071
2023-03-22 21:27:28,229 - [RESUMO] Estação UBERLANDIA, ano 2003: VALORES VAZIOS: 65,717
2023-03-22 21:27:29,387 - [RESUMO] Estação ALMENARA, ano 2003: VALORES VAZIOS: 8,253
2023-03-22 21:27:30,525 - [RESUMO] Estação ECOLOGIA AGRICOLA, ano 2003: VALORES VAZIOS: 13,452
2023-03-22 21:27:31,722 - [RESUMO] Estação MARAMBAIA, ano 2003: VALORES VAZIOS: 120,618
2023-03-22 21:27:32,936 - [RESUMO] Estação XEREM, ano 2003: VALORES VAZIOS: 46,169
2023-03-22 21:27:34,086 - [RESUMO] Estação CAMBUCI, ano 2003: VALORES VAZIOS: 10,067
2023-03-22 21:27:35,274 - [RESUMO] Estação BAURU, ano 2003: VALORES VAZIOS: 20,034
2023-03-22 21:27:36,423 - [RESUMO] Estação CAMPOS DO JORDAO, ano 2003: VALORES VAZIOS: 60,370
2023-03-22 21:27:37,458 - [RESUMO] Estação PRESIDENTE PRUDENTE, ano 2003: VALORES VAZIOS: 100,444
2023-03-22 21:27:38,555 - [RESUMO] Estação FRANCA, ano 2003: VALORES VAZIOS: 108,825
2023-03-22 21:27:39,608 - [RESUMO] Estação CURITIBA, ano 2003: VALORES VAZIOS: 105,989
2023-03-22 21:27:40,723 - [RESUMO] Estação PORTO ALEGRE, ano 2003: VALORES VAZIOS: 26,805
2023-03-22 21:27:41,870 - [RESUMO] Estação RIO GRANDE, ano 2003: VALORES VAZIOS: 38,175
2023-03-22 21:27:43,001 - [RESUMO] Estação SANTA MARIA, ano 2003: VALORES VAZIOS: 29,432
2023-03-22 21:27:44,140 - [RESUMO] Estação SANTANA DO LIVRAMENTO, ano 2003: VALORES VAZIOS: 38,210
2023-03-22 21:27:45,285 - [RESUMO] Estação SANTO AUGUSTO, ano 2003: VALORES VAZIOS: 89,123
2023-03-22 21:27:46,376 - [RESUMO] Estação FLORIANOPOLIS, ano 2003: VALORES VAZIOS: 30,886
2023-03-22 21:27:49,864 - [RESUMO] Estação BRASILIA, ano 2004: VALORES VAZIOS: 23,641
2023-03-22 21:27:50,934 - [RESUMO] Estação GOIANIA, ano 2004: VALORES VAZIOS: 15,593
2023-03-22 21:27:51,894 - [RESUMO] Estação MORRINHOS, ano 2004: VALORES VAZIOS: 149,328
2023-03-22 21:27:52,992 - [RESUMO] Estação CAMPO GRANDE, ano 2004: VALORES VAZIOS: 5,610
2023-03-22 21:27:53,944 - [RESUMO] Estação PONTA PORA, ano 2004: VALORES VAZIOS: 149,328
2023-03-22 21:27:55,029 - [RESUMO] Estação TRES LAGOAS, ano 2004: VALORES VAZIOS: 133,962
2023-03-22 21:27:55,979 - [RESUMO] Estação IVINHEMA, ano 2004: VALORES VAZIOS: 149,328
2023-03-22 21:27:57,085 - [RESUMO] Estação CUIABA, ano 2004: VALORES VAZIOS: 8,701
2023-03-22 21:27:58,181 - [RESUMO] Estação TANGARA DA SERRA, ano 2004: VALORES VAZIOS: 25,034
2023-03-22 21:27:59,280 - [RESUMO] Estação S.J. DO RIO CLARO, ano 2004: VALORES VAZIOS: 10,034
2023-03-22 21:28:00,372 - [RESUMO] Estação SORRISO, ano 2004: VALORES VAZIOS: 12,575
2023-03-22 21:28:01,478 - [RESUMO] Estação CAMPO NOVO DOS PARECIS, ano 2004: VALORES VAZIOS: 12,312
2023-03-22 21:28:02,578 - [RESUMO] Estação GUARANTA DO NORTE, ano 2004: VALORES VAZIOS: 7,929
2023-03-22 21:28:03,686 - [RESUMO] Estação RONDONOPOLIS, ano 2004: VALORES VAZIOS: 7,999
2023-03-22 21:28:04,790 - [RESUMO] Estação MACEIO, ano 2004: VALORES VAZIOS: 6,659
2023-03-22 21:28:05,914 - [RESUMO] Estação SALVADOR, ano 2004: VALORES VAZIOS: 10,817
2023-03-22 21:28:06,907 - [RESUMO] Estação BARREIRAS, ano 2004: VALORES VAZIOS: 149,328
2023-03-22 21:28:08,005 - [RESUMO] Estação LUIZ EDUARDO MAGALHAES, ano 2004: VALORES VAZIOS: 13,974
2023-03-22 21:28:09,116 - [RESUMO] Estação CARAVELAS, ano 2004: VALORES VAZIOS: 18,258
2023-03-22 21:28:10,212 - [RESUMO] Estação CRUZ DAS ALMAS, ano 2004: VALORES VAZIOS: 25,684
2023-03-22 21:28:11,328 - [RESUMO] Estação ITIRUCU, ano 2004: VALORES VAZIOS: 8,249
2023-03-22 21:28:12,435 - [RESUMO] Estação ITABERABA, ano 2004: VALORES VAZIOS: 8,882
2023-03-22 21:28:13,531 - [RESUMO] Estação ILHEUS, ano 2004: VALORES VAZIOS: 20,561
2023-03-22 21:28:14,645 - [RESUMO] Estação MACAJUBA, ano 2004: VALORES VAZIOS: 8,429
2023-03-22 21:28:15,866 - [RESUMO] Estação FORTALEZA, ano 2004: VALORES VAZIOS: 30,416
2023-03-22 21:28:17,122 - [RESUMO] Estação SOBRAL, ano 2004: VALORES VAZIOS: 90,775
2023-03-22 21:28:18,271 - [RESUMO] Estação SAO LUIS, ano 2004: VALORES VAZIOS: 26,754
2023-03-22 21:28:18,501 - [RESUMO] Estação AREIA, ano 2004: VALORES VAZIOS: 7,634
2023-03-22 21:28:18,600 - [RESUMO] Estação RECIFE, ano 2004: VALORES VAZIOS: 842
2023-03-22 21:28:19,761 - [RESUMO] Estação PETROLINA, ano 2004: VALORES VAZIOS: 8,480
2023-03-22 21:28:19,951 - [RESUMO] Estação ARCO VERDE, ano 2004: VALORES VAZIOS: 11,376
2023-03-22 21:28:21,070 - [RESUMO] Estação PARNAIBA, ano 2004: VALORES VAZIOS: 15,532
2023-03-22 21:28:21,267 - [RESUMO] Estação FLORIANO, ano 2004: VALORES VAZIOS: 2,947
2023-03-22 21:28:21,454 - [RESUMO] Estação TERESINA, ano 2004: VALORES VAZIOS: 15,504
2023-03-22 21:28:22,610 - [RESUMO] Estação ARQ.SAO PEDRO E SAO PAULO, ano 2004: VALORES VAZIOS: 108,289
2023-03-22 21:28:23,723 - [RESUMO] Estação NATAL, ano 2004: VALORES VAZIOS: 40,058
2023-03-22 21:28:24,866 - [RESUMO] Estação ARACAJU, ano 2004: VALORES VAZIOS: 8,383
